2026-06-10 08:51:04 INFO GUI приложение запущено
2026-06-10 08:51:46 INFO GUI приложение запущено
2026-06-10 08:54:07 INFO GUI приложение запущено
2026-06-10 09:16:33 INFO GUI приложение запущено
2026-06-10 09:17:43 INFO GUI приложение запущено
2026-06-10 11:56:49 INFO GUI приложение запущено
2026-06-10 11:58:29 INFO GUI приложение запущено
2026-06-10 12:00:05 INFO ADD title="Купить тетради"
2026-06-10 12:01:49 INFO UPDATE id=1
2026-06-10 12:02:35 INFO DELETE id=1
2026-06-10 12:02:52 INFO RESTORE id=1
2026-06-10 12:02:57 INFO DELETE id=1
2026-06-10 12:03:08 INFO RESTORE id=1
2026-06-10 12:04:28 INFO DELETE id=1
2026-06-10 12:04:34 INFO PERMANENT_DELETE id=1
2026-06-10 12:04:36 INFO RESTORE id=1
2026-06-10 12:05:47 INFO ARCHIVE id=1
2026-06-10 12:06:24 INFO UNARCHIVE id=1
2026-06-10 12:06:27 INFO ARCHIVE id=1
2026-06-10 12:06:29 INFO UNARCHIVE id=1
2026-06-10 12:07:15 INFO ADD title="123131231"
2026-06-10 12:07:19 INFO ADD title="222222222222"
2026-06-10 12:08:14 INFO GUI приложение запущено
2026-06-10 12:10:21 INFO GUI приложение запущено
2026-06-10 12:10:36 INFO DELETE id=2
2026-06-10 12:10:44 INFO RESTORE id=2
2026-06-10 12:10:49 INFO DELETE id=2
2026-06-10 12:10:51 INFO DELETE id=3
2026-06-10 12:10:54 INFO CLEAR_TRASH performed
2026-06-10 12:11:09 INFO ARCHIVE id=1
2026-06-10 12:11:13 INFO UNARCHIVE id=1
2026-06-10 12:13:58 INFO GUI приложение запущено
2026-06-10 12:14:08 INFO ADD title="книги"
2026-06-10 12:14:12 INFO DELETE id=2
2026-06-10 12:14:17 INFO RESTORE id=2
2026-06-10 12:14:20 INFO DELETE id=2
2026-06-10 12:14:23 INFO CLEAR_TRASH performed
2026-06-10 12:14:29 INFO ARCHIVE id=1
2026-06-10 12:14:33 INFO UNARCHIVE id=1
2026-06-10 12:14:40 INFO SUPPORT_REPORT created C:\Users\Student\Pictures\TaskTrackerV2\TaskTracker\TaskTracker.Gui\bin\Debug\net8.0-windows\Reports\SupportReport_2026-06-10_12-14-39.txt
2026-06-10 12:19:50 INFO GUI приложение запущено
2026-06-10 12:19:55 INFO ADD title="1"
2026-06-10 12:20:00 INFO DELETE id=2
2026-06-10 12:20:02 INFO RESTORE id=2
2026-06-10 12:20:06 INFO DELETE id=2
2026-06-10 12:20:10 INFO CLEAR_TRASH performed
2026-06-10 12:22:02 INFO GUI приложение запущено
2026-06-10 12:22:08 INFO ADD title="4"
2026-06-10 12:22:10 INFO DELETE id=2
2026-06-10 12:22:14 INFO RESTORE id=2
2026-06-10 12:22:17 INFO ARCHIVE id=2
2026-06-10 12:22:18 INFO UNARCHIVE id=2
2026-06-10 12:22:23 INFO DELETE id=2
2026-06-10 12:22:25 INFO RESTORE id=2
2026-06-10 12:22:27 INFO ARCHIVE id=2
2026-06-10 12:22:30 INFO UNARCHIVE id=2
2026-06-10 12:22:55 INFO GUI приложение запущено
2026-06-10 12:23:05 INFO ADD title="2"
2026-06-10 12:23:09 INFO DELETE id=2
2026-06-10 12:23:10 INFO DELETE id=3
2026-06-10 12:23:13 INFO DELETE id=1
2026-06-10 12:23:15 INFO RESTORE id=1
2026-06-10 12:23:18 INFO RESTORE id=2
2026-06-10 12:23:18 INFO RESTORE id=3
2026-06-10 12:23:24 INFO ARCHIVE id=2
2026-06-10 12:23:25 INFO ARCHIVE id=3
2026-06-10 12:23:39 INFO UNARCHIVE id=2
2026-06-10 12:23:50 INFO UNARCHIVE id=3
2026-06-10 12:23:53 INFO DELETE id=2
2026-06-10 12:23:54 INFO DELETE id=1
2026-06-10 12:23:55 INFO DELETE id=3
2026-06-10 12:23:58 INFO CLEAR_TRASH performed
2026-06-10 12:55:57 INFO GUI приложение запущено
2026-06-10 12:59:54 INFO GUI приложение запущено
2026-06-10 13:00:03 INFO ADD title="4"
2026-06-10 13:06:33 INFO DELETE id=1
2026-06-10 13:06:39 INFO CLEAR_TRASH performed
